Arguments: 
  /usr/bin/node /mnt/c/Program Files (x86)/Yarn/bin/yarn.js init --y

PATH: 
  /home/luiza/.local/bin:/home/luiza/gems/bin:/usr/local/sbin:/usr/local/bin:/usr/sbin:/usr/bin:/sbin:/bin:/usr/games:/usr/local/games:/mnt/c/Program Files (x86)/Common Files/Oracle/Java/javapath:/mnt/c/Windows/system32:/mnt/c/Windows:/mnt/c/Windows/System32/Wbem:/mnt/c/Windows/System32/WindowsPowerShell/v1.0/:/mnt/c/Windows/System32/OpenSSH/:/mnt/c/Program Files (x86)/NVIDIA Corporation/PhysX/Common:/mnt/c/Program Files/NVIDIA Corporation/NVIDIA NvDLISR:/mnt/c/Program Files/dotnet/:/mnt/c/Program Files/Microsoft SQL Server/130/Tools/Binn/:/mnt/d/Git/cmd:/mnt/d/opencv/build/x64/vc15/bin:/mnt/c/ProgramData/chocolatey/bin:/mnt/c/ProgramData/nvm:/mnt/c/Program Files/nodejs:/mnt/c/Program Files (x86)/Yarn/bin/:/mnt/d/Program Files/R2020b/runtime/win64:/mnt/d/Program Files/R2020b/bin:/mnt/c/WINDOWS/system32:/mnt/c/WINDOWS:/mnt/c/WINDOWS/System32/Wbem:/mnt/c/WINDOWS/System32/WindowsPowerShell/v1.0/:/mnt/c/WINDOWS/System32/OpenSSH/:/mnt/d/xampp/php:/mnt/c/ProgramData/ComposerSetup/bin:/mnt/c/Users/Maria Luiza/AppData/Local/Microsoft/WindowsApps:/mnt/c/Users/Maria Luiza/AppData/Local/Programs/Microsoft VS Code/bin:/mnt/c/Users/Maria Luiza/.dotnet/tools:/mnt/d/development/flutter/bin:/mnt/c/Users/Maria Luiza/AppData/Local/Yarn/bin:/mnt/c/Users/Maria Luiza/AppData/Local/Microsoft/WindowsApps:/mnt/c/Users/Maria Luiza/AppData/Roaming/Composer/vendor/bin:/snap/bin

Yarn version: 
  1.22.5

Node version: 
  12.22.12

Platform: 
  linux x64

Trace: 
  Error: canceled
      at Interface.<anonymous> (/mnt/c/Program Files (x86)/Yarn/lib/cli.js:137009:13)
      at Interface.emit (events.js:314:20)
      at Interface._ttyWrite (readline.js:868:16)
      at ReadStream.onkeypress (readline.js:205:10)
      at ReadStream.emit (events.js:314:20)
      at emitKeys (internal/readline/utils.js:335:14)
      at emitKeys.next (<anonymous>)
      at ReadStream.onData (readline.js:1137:36)
      at ReadStream.emit (events.js:314:20)
      at addChunk (_stream_readable.js:297:12)

npm manifest: 
  No manifest

yarn manifest: 
  No manifest

Lockfile: 
  No lockfile
